#
# A fatal error has been detected by the Java Runtime Environment:
#
#  EXCEPTION_ACCESS_VIOLATION (0xc0000005) at pc=0x000000007044a6a5, pid=12860, tid=15616
#
# JRE version: Java(TM) SE Runtime Environment (8.0_31-b13) (build 1.8.0_31-b13)
# Java VM: Java HotSpot(TM) 64-Bit Server VM (25.31-b07 mixed mode windows-amd64 compressed oops)
# Problematic frame:
# V  [jvm.dll+0x11a6a5]
#
# Failed to write core dump. Minidumps are not enabled by default on client versions of Windows
#
# If you would like to submit a bug report, please visit:
#   http://bugreport.java.com/bugreport/crash.jsp
#

---------------  T H R E A D  ---------------

Current thread (0x000000005757b800):  JavaThread "JDWP Transport Listener: dt_socket" daemon [_thread_in_vm, id=15616, stack(0x00000000598a0000,0x00000000599a0000)]

siginfo: ExceptionCode=0xc0000005, reading address 0xffffffffffffffff

Registers:
RAX=0x000000005999f401, RBX=0x000000005757b800, RCX=0x0014000000000038, RDX=0x0000000000000000
RSP=0x000000005999f420, RBP=0x0014000000000038, RSI=0x000000005999f538, RDI=0x000000000254a370
R8 =0x000000005757b800, R9 =0x0000000000000700, R10=0x6e6f436c61757472, R11=0x65537d1903800015
R12=0x0000000000000000, R13=0x000000005757fee8, R14=0x0000000000000000, R15=0x0000000000000000
RIP=0x000000007044a6a5, EFLAGS=0x0000000000010202

Top of Stack: (sp=0x000000005999f420)
0x000000005999f420:   000000005757b800 000000005757b800
0x000000005999f430:   000000005999f4e8 0000000070647c1b
0x000000005999f440:   000000005757b800 000000007066447d
0x000000005999f450:   000000000000004c 000000006dda9149
0x000000005999f460:   000000005a441880 000000006ddb2912
0x000000005999f470:   000000005757b800 0000000000000000
0x000000005999f480:   0000000000000000 0000000000000000
0x000000005999f490:   0014000000000038 000000006ddb1a09
0x000000005999f4a0:   000000005999f538 000000005999f510
0x000000005999f4b0:   0000000000000001 000000005a441880
0x000000005999f4c0:   0014000000000038 000000006dd953b3
0x000000005999f4d0:   000000005999f600 0000000000000001
0x000000005999f4e0:   0000000000000001 000000005a441880
0x000000005999f4f0:   0000000000000001 0000000000000000
0x000000005999f500:   0000000000000000 0000000000000000
0x000000005999f510:   0000000000000001 000000006dd95571 

Instructions: (pc=0x000000007044a6a5)
0x000000007044a685:   cc cc cc cc cc cc cc cc cc cc cc 48 83 ec 28 48
0x000000007044a695:   85 c9 75 07 33 c0 48 83 c4 28 c3 48 89 5c 24 20
0x000000007044a6a5:   48 8b 19 48 85 db 74 20 48 83 fb 37 74 1a 48 8b
0x000000007044a6b5:   13 48 8b cb ff 52 10 84 c0 74 0d 48 8b c3 48 8b 


Register to memory mapping:

RAX=0x000000005999f401 is pointing into the stack for thread: 0x000000005757b800
RBX=0x000000005757b800 is a thread
RCX=0x0014000000000038 is an unknown value
RDX=0x0000000000000000 is an unknown value
RSP=0x000000005999f420 is pointing into the stack for thread: 0x000000005757b800
RBP=0x0014000000000038 is an unknown value
RSI=0x000000005999f538 is pointing into the stack for thread: 0x000000005757b800
RDI=0x000000000254a370 is an unknown value
R8 =0x000000005757b800 is a thread
R9 =0x0000000000000700 is an unknown value
R10=0x6e6f436c61757472 is an unknown value
R11=0x65537d1903800015 is an unknown value
R12=0x0000000000000000 is an unknown value
R13=0x000000005757fee8 is an unknown value
R14=0x0000000000000000 is an unknown value
R15=0x0000000000000000 is an unknown value


Stack: [0x00000000598a0000,0x00000000599a0000],  sp=0x000000005999f420,  free space=1021k
Native frames: (J=compiled Java code, j=interpreted, Vv=VM code, C=native code)
V  [jvm.dll+0x11a6a5]
V  [jvm.dll+0x33447d]
C  [jdwp.dll+0x21a09]
C  [jdwp.dll+0x53b3]
C  [jdwp.dll+0x5571]
C  [jdwp.dll+0xf09c]
C  [jdwp.dll+0x1f2c9]
C  [jdwp.dll+0x1f49e]
V  [jvm.dll+0x1ac128]
V  [jvm.dll+0x22c194]
V  [jvm.dll+0x28576a]
C  [msvcr100.dll+0x21d9f]
C  [msvcr100.dll+0x21e3b]
C  [kernel32.dll+0x159cd]
C  [ntdll.dll+0x2a561]


---------------  P R O C E S S  ---------------

Java Threads: ( => current thread )
  0x0000000058ae0800 JavaThread "ReaderThread" [_thread_in_native, id=12680, stack(0x0000000059ed0000,0x0000000059fd0000)]
  0x00000000589c2800 JavaThread "Service Thread" daemon [_thread_blocked, id=13592, stack(0x0000000059d50000,0x0000000059e50000)]
  0x0000000058961800 JavaThread "C1 CompilerThread2" daemon [_thread_blocked, id=14940, stack(0x00000000597a0000,0x00000000598a0000)]
  0x0000000058956000 JavaThread "C2 CompilerThread1" daemon [_thread_blocked, id=3204, stack(0x0000000058d30000,0x0000000058e30000)]
  0x0000000058954000 JavaThread "C2 CompilerThread0" daemon [_thread_blocked, id=15324, stack(0x0000000059b10000,0x0000000059c10000)]
  0x0000000058948000 JavaThread "JDWP Command Reader" daemon [_thread_in_native, id=9900, stack(0x00000000594a0000,0x00000000595a0000)]
  0x0000000058945000 JavaThread "JDWP Event Helper Thread" daemon [_thread_blocked, id=5004, stack(0x00000000599c0000,0x0000000059ac0000)]
=>0x000000005757b800 JavaThread "JDWP Transport Listener: dt_socket" daemon [_thread_in_vm, id=15616, stack(0x00000000598a0000,0x00000000599a0000)]
  0x0000000058931000 JavaThread "Attach Listener" daemon [_thread_blocked, id=6004, stack(0x0000000059030000,0x0000000059130000)]
  0x0000000058930800 JavaThread "Signal Dispatcher" daemon [_thread_blocked, id=15312, stack(0x0000000058ee0000,0x0000000058fe0000)]
  0x0000000057519800 JavaThread "Finalizer" daemon [_thread_blocked, id=15052, stack(0x0000000058830000,0x0000000058930000)]
  0x0000000057510800 JavaThread "Reference Handler" daemon [_thread_blocked, id=11736, stack(0x0000000058590000,0x0000000058690000)]
  0x0000000002589000 JavaThread "main" [_thread_blocked, id=4912, stack(0x0000000002700000,0x0000000002800000)]

Other Threads:
  0x000000005750d000 VMThread [stack: 0x00000000586b0000,0x00000000587b0000] [id=9856]
  0x00000000589c4000 WatcherThread [stack: 0x0000000059320000,0x0000000059420000] [id=13796]

VM state:not at safepoint (normal execution)

VM Mutex/Monitor currently owned by a thread: None

Heap:
 PSYoungGen      total 38400K, used 26007K [0x00000000d5b80000, 0x00000000d8600000, 0x0000000100000000)
  eden space 33280K, 78% used [0x00000000d5b80000,0x00000000d74e5e88,0x00000000d7c00000)
  from space 5120K, 0% used [0x00000000d8100000,0x00000000d8100000,0x00000000d8600000)
  to   space 5120K, 0% used [0x00000000d7c00000,0x00000000d7c00000,0x00000000d8100000)
 ParOldGen       total 87552K, used 0K [0x0000000081200000, 0x0000000086780000, 0x00000000d5b80000)
  object space 87552K, 0% used [0x0000000081200000,0x0000000081200000,0x0000000086780000)
 Metaspace       used 12454K, capacity 12714K, committed 12928K, reserved 1060864K
  class space    used 1486K, capacity 1539K, committed 1664K, reserved 1048576K

Card table byte_map: [0x0000000011bc0000,0x0000000011fc0000] byte_map_base: 0x00000000117b7000

Marking Bits: (ParMarkBitMap*) 0x0000000070b0d4f0
 Begin Bits: [0x0000000012810000, 0x00000000147c8000)
 End Bits:   [0x00000000147c8000, 0x0000000016780000)

Polling page: 0x0000000000120000

CodeCache: size=245760Kb used=2957Kb max_used=2971Kb free=242802Kb
 bounds [0x0000000002800000, 0x0000000002af0000, 0x0000000011800000]
 total_blobs=1052 nmethods=706 adapters=268
 compilation: enabled

Compilation events (10 events):
Event: 0.811 Thread 0x0000000058961800  703       1       java.util.logging.Logger::getName (5 bytes)
Event: 0.811 Thread 0x0000000058961800 nmethod 703 0x0000000002ae1990 code [0x0000000002ae1ae0, 0x0000000002ae1bf0]
Event: 0.814 Thread 0x0000000058961800  704       3       java.lang.Enum::<init> (15 bytes)
Event: 0.814 Thread 0x0000000058961800 nmethod 704 0x0000000002ae2290 code [0x0000000002ae23e0, 0x0000000002ae25b0]
Event: 0.816 Thread 0x0000000058954000  705       4       java.lang.String::regionMatches (149 bytes)
Event: 0.816 Thread 0x0000000058961800  706       1       java.util.Formatter$Flags::valueOf (5 bytes)
Event: 0.816 Thread 0x0000000058961800 nmethod 706 0x0000000002ae2650 code [0x0000000002ae27a0, 0x0000000002ae28b0]
Event: 0.819 Thread 0x0000000058961800  707       3       sun.misc.URLClassPath$JarLoader::findResource (18 bytes)
Event: 0.819 Thread 0x0000000058961800 nmethod 707 0x0000000002ae2910 code [0x0000000002ae2a80, 0x0000000002ae2d38]
Event: 0.826 Thread 0x0000000058954000 nmethod 705 0x0000000002ae6510 code [0x0000000002ae6660, 0x0000000002ae7118]

GC Heap History (0 events):
No events

Deoptimization events (2 events):
Event: 0.382 Thread 0x0000000002589000 Uncommon trap: reason=unreached action=reinterpret pc=0x00000000029dd1ac method=java.lang.AbstractStringBuilder.append(Ljava/lang/String;)Ljava/lang/AbstractStringBuilder; @ 1
Event: 0.481 Thread 0x0000000002589000 Uncommon trap: reason=null_check action=make_not_entrant pc=0x00000000029ce908 method=java.lang.String.equals(Ljava/lang/Object;)Z @ 8

Internal exceptions (10 events):
Event: 0.811 Thread 0x0000000002589000 Exception <a 'java/security/PrivilegedActionException'> (0x00000000d7462920) thrown at [C:\workspace\8-2-build-windows-amd64-cygwin\jdk8u31\2394\hotspot\src\share\vm\prims\jvm.cpp, line 1312]
Event: 0.811 Thread 0x0000000002589000 Exception <a 'java/security/PrivilegedActionException'> (0x00000000d7468078) thrown at [C:\workspace\8-2-build-windows-amd64-cygwin\jdk8u31\2394\hotspot\src\share\vm\prims\jvm.cpp, line 1312]
Event: 0.812 Thread 0x0000000002589000 Exception <a 'java/security/PrivilegedActionException'> (0x00000000d746d288) thrown at [C:\workspace\8-2-build-windows-amd64-cygwin\jdk8u31\2394\hotspot\src\share\vm\prims\jvm.cpp, line 1312]
Event: 0.812 Thread 0x0000000002589000 Exception <a 'java/security/PrivilegedActionException'> (0x00000000d7473f10) thrown at [C:\workspace\8-2-build-windows-amd64-cygwin\jdk8u31\2394\hotspot\src\share\vm\prims\jvm.cpp, line 1312]
Event: 0.815 Thread 0x0000000002589000 Exception <a 'java/security/PrivilegedActionException'> (0x00000000d7483a40) thrown at [C:\workspace\8-2-build-windows-amd64-cygwin\jdk8u31\2394\hotspot\src\share\vm\prims\jvm.cpp, line 1312]
Event: 0.815 Thread 0x0000000002589000 Exception <a 'java/security/PrivilegedActionException'> (0x00000000d748a520) thrown at [C:\workspace\8-2-build-windows-amd64-cygwin\jdk8u31\2394\hotspot\src\share\vm\prims\jvm.cpp, line 1312]
Event: 0.816 Thread 0x0000000002589000 Exception <a 'java/security/PrivilegedActionException'> (0x00000000d7491ce0) thrown at [C:\workspace\8-2-build-windows-amd64-cygwin\jdk8u31\2394\hotspot\src\share\vm\prims\jvm.cpp, line 1312]
Event: 0.816 Thread 0x0000000002589000 Exception <a 'java/security/PrivilegedActionException'> (0x00000000d7498a08) thrown at [C:\workspace\8-2-build-windows-amd64-cygwin\jdk8u31\2394\hotspot\src\share\vm\prims\jvm.cpp, line 1312]
Event: 0.818 Thread 0x0000000002589000 Exception <a 'java/security/PrivilegedActionException'> (0x00000000d74a7518) thrown at [C:\workspace\8-2-build-windows-amd64-cygwin\jdk8u31\2394\hotspot\src\share\vm\prims\jvm.cpp, line 1312]
Event: 0.819 Thread 0x0000000002589000 Exception <a 'java/security/PrivilegedActionException'> (0x00000000d74ae560) thrown at [C:\workspace\8-2-build-windows-amd64-cygwin\jdk8u31\2394\hotspot\src\share\vm\prims\jvm.cpp, line 1312]

Events (10 events):
Event: 80.871 Executing VM operation: GetCurrentLocation
Event: 80.871 Executing VM operation: GetCurrentLocation done
Event: 80.871 Executing VM operation: EnterInterpOnlyMode
Event: 80.871 Executing VM operation: EnterInterpOnlyMode done
Event: 80.871 Executing VM operation: ChangeSingleStep
Event: 80.871 Executing VM operation: ChangeSingleStep done
Event: 80.871 Executing VM operation: ChangeSingleStep
Event: 80.871 Executing VM operation: ChangeSingleStep done
Event: 80.881 Executing VM operation: RedefineClasses
Event: 80.886 Executing VM operation: RedefineClasses done


Dynamic libraries:
0x000000013fd90000 - 0x000000013fdc4000 	C:\Program Files\Java\jdk1.8.0_31\bin\javaw.exe
0x0000000077a00000 - 0x0000000077baa000 	C:\Windows\SYSTEM32\ntdll.dll
0x00000000777e0000 - 0x00000000778ff000 	C:\Windows\system32\kernel32.dll
0x000007fefd880000 - 0x000007fefd8ea000 	C:\Windows\system32\KERNELBASE.dll
0x000007fefdc00000 - 0x000007fefdcdb000 	C:\Windows\system32\ADVAPI32.dll
0x000007fefeb60000 - 0x000007fefebff000 	C:\Windows\system32\msvcrt.dll
0x000007fefdce0000 - 0x000007fefdcff000 	C:\Windows\SYSTEM32\sechost.dll
0x000007feff2c0000 - 0x000007feff3ed000 	C:\Windows\system32\RPCRT4.dll
0x0000000077900000 - 0x00000000779fa000 	C:\Windows\system32\USER32.dll
0x000007feff9a0000 - 0x000007feffa07000 	C:\Windows\system32\GDI32.dll
0x000007fefedb0000 - 0x000007fefedbe000 	C:\Windows\system32\LPK.dll
0x000007fefece0000 - 0x000007fefedaa000 	C:\Windows\system32\USP10.dll
0x000007fefb8c0000 - 0x000007fefbab4000 	C:\Windows\WinSxS\amd64_microsoft.windows.common-controls_6595b64144ccf1df_6.0.7601.18837_none_fa3b1e3d17594757\COMCTL32.dll
0x000007fefeae0000 - 0x000007fefeb51000 	C:\Windows\system32\SHLWAPI.dll
0x000007feffc40000 - 0x000007feffc6e000 	C:\Windows\system32\IMM32.DLL
0x000007feff620000 - 0x000007feff729000 	C:\Windows\system32\MSCTF.dll
0x000007fefd770000 - 0x000007fefd7a2000 	C:\Windows\system32\nvinitx.dll
0x000007fefd760000 - 0x000007fefd76c000 	C:\Windows\system32\VERSION.dll
0x00000000723f0000 - 0x00000000723f6000 	C:\Program Files\NVIDIA Corporation\CoProcManager\detoured.dll
0x000007fef82b0000 - 0x000007fef82e8000 	C:\Program Files\NVIDIA Corporation\CoProcManager\nvd3d9wrapx.dll
0x000007feff7c0000 - 0x000007feff997000 	C:\Windows\system32\SETUPAPI.dll
0x000007fefdbc0000 - 0x000007fefdbf6000 	C:\Windows\system32\CFGMGR32.dll
0x000007fefec00000 - 0x000007fefecda000 	C:\Windows\system32\OLEAUT32.dll
0x000007feff410000 - 0x000007feff613000 	C:\Windows\system32\ole32.dll
0x000007fefd910000 - 0x000007fefd92a000 	C:\Windows\system32\DEVOBJ.dll
0x000007fef8280000 - 0x000007fef82a4000 	C:\Program Files\NVIDIA Corporation\CoProcManager\nvdxgiwrapx.dll
0x000000005bec0000 - 0x000000005bf92000 	C:\Program Files\Java\jdk1.8.0_31\jre\bin\msvcr100.dll
0x0000000070330000 - 0x0000000070b8a000 	C:\Program Files\Java\jdk1.8.0_31\jre\bin\server\jvm.dll
0x000007fef7ed0000 - 0x000007fef7ed9000 	C:\Windows\system32\WSOCK32.dll
0x000007fefea90000 - 0x000007fefeadd000 	C:\Windows\system32\WS2_32.dll
0x000007feff7b0000 - 0x000007feff7b8000 	C:\Windows\system32\NSI.dll
0x000007fef9920000 - 0x000007fef995b000 	C:\Windows\system32\WINMM.dll
0x0000000077bc0000 - 0x0000000077bc7000 	C:\Windows\system32\PSAPI.DLL
0x0000000073560000 - 0x000000007356f000 	C:\Program Files\Java\jdk1.8.0_31\jre\bin\verify.dll
0x000000006ddd0000 - 0x000000006ddf8000 	C:\Program Files\Java\jdk1.8.0_31\jre\bin\java.dll
0x000000006dd90000 - 0x000000006ddc5000 	C:\Program Files\Java\jdk1.8.0_31\jre\bin\jdwp.dll
0x0000000073690000 - 0x0000000073698000 	C:\Program Files\Java\jdk1.8.0_31\jre\bin\npt.dll
0x000000006e4c0000 - 0x000000006e4d6000 	C:\Program Files\Java\jdk1.8.0_31\jre\bin\zip.dll
0x000007fefdd00000 - 0x000007fefea8a000 	C:\Windows\system32\SHELL32.dll
0x000007fefd840000 - 0x000007fefd84f000 	C:\Windows\system32\profapi.dll
0x0000000072980000 - 0x0000000072989000 	C:\Program Files\Java\jdk1.8.0_31\jre\bin\dt_socket.dll
0x000007fefbb20000 - 0x000007fefbb35000 	C:\Windows\system32\NLAapi.dll
0x000007fef93c0000 - 0x000007fef93d5000 	C:\Windows\system32\napinsp.dll
0x000007fef9370000 - 0x000007fef9389000 	C:\Windows\system32\pnrpnsp.dll
0x000007fefcfd0000 - 0x000007fefd025000 	C:\Windows\System32\mswsock.dll
0x000007fefce00000 - 0x000007fefce5b000 	C:\Windows\system32\DNSAPI.dll
0x000007fef9360000 - 0x000007fef936b000 	C:\Windows\System32\winrnr.dll
0x000007fef26a0000 - 0x000007fef26b0000 	C:\Windows\system32\wshbth.dll
0x000007fefb840000 - 0x000007fefb867000 	C:\Windows\system32\IPHLPAPI.DLL
0x000007fefb830000 - 0x000007fefb83b000 	C:\Windows\system32\WINNSI.DLL
0x000007fefb590000 - 0x000007fefb5e3000 	C:\Windows\System32\fwpuclnt.dll
0x000007fef61a0000 - 0x000007fef61a8000 	C:\Windows\system32\rasadhlp.dll
0x000007fefc990000 - 0x000007fefc997000 	C:\Windows\System32\wshtcpip.dll
0x000000006de60000 - 0x000000006de7a000 	C:\Program Files\Java\jdk1.8.0_31\jre\bin\net.dll
0x000007fefcf60000 - 0x000007fefcf67000 	C:\Windows\System32\wship6.dll
0x000000006dd20000 - 0x000000006dd31000 	C:\Program Files\Java\jdk1.8.0_31\jre\bin\nio.dll
0x000007fef5bf0000 - 0x000007fef5d15000 	C:\Windows\system32\dbghelp.dll

VM Arguments:
jvm_args: -agentlib:jdwp=transport=dt_socket,suspend=y,address=localhost:60553 -Dfile.encoding=UTF-8 
java_command: org.eclipse.jdt.internal.junit.runner.RemoteTestRunner -version 3 -port 60552 -testLoaderClass org.eclipse.jdt.internal.junit4.runner.JUnit4TestLoader -loaderpluginname org.eclipse.jdt.junit4.runtime -classNames de.ims.icarus2.filedriver.schema.table.TableConverterTest
java_class_path (initial): D:\Workspaces\git\icarus2\file-driver-utils\target\test-classes;D:\Workspaces\git\icarus2\file-driver-utils\target\classes;C:\Users\Markus\.m2\repository\junit\junit\4.12\junit-4.12.jar;C:\Users\Markus\.m2\repository\org\hamcrest\hamcrest-core\1.3\hamcrest-core-1.3.jar;C:\Users\Markus\.m2\repository\org\slf4j\slf4j-api\1.7.21\slf4j-api-1.7.21.jar;C:\Users\Markus\.m2\repository\org\slf4j\slf4j-jdk14\1.7.21\slf4j-jdk14-1.7.21.jar;C:\Users\Markus\.m2\repository\org\mockito\mockito-core\1.9.5\mockito-core-1.9.5.jar;C:\Users\Markus\.m2\repository\org\objenesis\objenesis\1.0\objenesis-1.0.jar;C:\Users\Markus\.m2\repository\com\google\guava\guava\18.0\guava-18.0.jar;C:\Users\Markus\.m2\repository\it\unimi\dsi\fastutil\7.0.13\fastutil-7.0.13.jar;D:\Workspaces\git\icarus2\model-defaults\target\classes;D:\Workspaces\git\icarus2\model-api\target\classes;D:\Workspaces\git\icarus2\shared-utils\target\classes;C:\Users\Markus\.m2\repository\com\squareup\javapoet\1.7.0\javapoet-1.7.0.jar;D:\Workspaces\git\icarus2\manifest-api\target\classes;C:\Users\Markus\.m2\repository\org\apache\lucene\lucene-core\6.2.0\lucene-core-6.2.0.jar;/C:/Program Files/Eclipse Luna/configuration/org.eclipse.osgi/336/0/.cp/;/C:/Program Files/Eclipse Luna/configuration/org.eclipse.osgi/335/0/.cp/
Launcher Type: SUN_STANDARD

Environment Variables:
JAVA_HOME=C:\Program Files\Java\jdk1.8.0_31
PATH=C:\Program Files\Java\jdk1.8.0_31\jre\bin;C:/Program Files/Java/jre1.8.0_111/bin/server;C:/Program Files/Java/jre1.8.0_111/bin;C:/Program Files/Java/jre1.8.0_111/lib/amd64;C:\ProgramData\Oracle\Java\javapath;C:\Program Files (x86)\Python 2.7.10\;C:\Program Files (x86)\Python 2.7.10\Scripts;C:\Program Files\Python 3.5\Scripts\;C:\Program Files\Python 3.5\;C:\Program Files (x86)\Intel\iCLS Client\;C:\Program Files\Intel\iCLS Client\;C:\Windows\system32;C:\Windows;C:\Windows\System32\Wbem;C:\Windows\System32\WindowsPowerShell\v1.0\;C:\Program Files\Intel\Intel(R) Management Engine Components\DAL;C:\Program Files\Intel\Intel(R) Management Engine Components\IPT;C:\Program Files (x86)\Intel\Intel(R) Management Engine Components\DAL;C:\Program Files (x86)\Intel\Intel(R) Management Engine Components\IPT;C:\Program Files (x86)\Intel\OpenCL SDK\3.0\bin\x86;C:\Program Files (x86)\Intel\OpenCL SDK\3.0\bin\x64;C:\Program Files (x86)\ant-1.9.2\bin;C:\Program Files (x86)\LaTeX\MiKTeX\miktex\bin;C:\Program Files\Microsoft SQL Server\120\Tools\Binn\;C:\Program Files\Microsoft SQL Server\Client SDK\ODBC\110\Tools\Binn\;C:\Program Files (x86)\Microsoft SQL Server\120\Tools\Binn\;C:\Program Files\Microsoft SQL Server\120\DTS\Binn\;C:\Program Files\TortoiseSVN\bin;C:\Program Files (x86)\NVIDIA Corporation\PhysX\Common;C:\Program Files\OpenVPN\bin;C:\Program Files (x86)\Calibre2\;C:\Program Files\Git\bin;C:\Program Files\TortoiseGit\bin;C:\Program Files (x86)\Skype\Phone\;C:\Program Files (x86)\gradle-3.2.1\bin;C:\Program Files (x86)\Gource\cmd;;C:\Program Files\Eclipse Luna;
USERNAME=Markus
OS=Windows_NT
PROCESSOR_IDENTIFIER=Intel64 Family 6 Model 60 Stepping 3, GenuineIntel



---------------  S Y S T E M  ---------------

OS: Windows 7 , 64 bit Build 7601 Service Pack 1

CPU:total 4 (2 cores per cpu, 2 threads per core) family 6 model 60 stepping 3, cmov, cx8, fxsr, mmx, sse, sse2, sse3, ssse3, sse4.1, sse4.2, popcnt, avx, avx2, aes, clmul, erms, lzcnt, ht, tsc, tscinvbit, bmi1, bmi2

Memory: 4k page, physical 8307900k(796060k free), swap 26152128k(8683796k free)

vm_info: Java HotSpot(TM) 64-Bit Server VM (25.31-b07) for windows-amd64 JRE (1.8.0_31-b13), built on Dec 17 2014 21:00:28 by "java_re" with MS VC++ 10.0 (VS2010)

time: Tue Jan 10 14:58:57 2017
elapsed time: 80 seconds (0d 0h 1m 20s)

